{
  "stats": {
    "suites": 1,
    "tests": 1,
    "passes": 1,
    "pending": 0,
    "failures": 0,
    "start": "2025-04-06T21:12:27.110Z",
    "end": "2025-04-06T21:12:32.683Z",
    "duration": 5573,
    "testsRegistered": 1,
    "passPercent": 100,
    "pendingPercent": 0,
    "other": 0,
    "hasOther": false,
    "skipped": 0,
    "hasSkipped": false
  },
  "results": [
    {
      "uuid": "a4afac00-a71a-4699-a7ad-33eaca274f84",
      "title": "",
      "fullFile": "cypress\\e2e\\automobile\\failure\\automobile-missing-form-validation.feature",
      "file": "cypress\\e2e\\automobile\\failure\\automobile-missing-form-validation.feature",
      "beforeHooks": [],
      "afterHooks": [],
      "tests": [],
      "suites": [
        {
          "uuid": "1fa9fec3-f07a-4759-a855-e839ac0f8e10",
          "title": "Automobile Insurance Application - Form Validation",
          "fullFile": "",
          "file": "",
          "beforeHooks": [],
          "afterHooks": [],
          "tests": [
            {
              "title": "User attempts to select a plan without completing previous forms",
              "fullTitle": "Automobile Insurance Application - Form Validation User attempts to select a plan without completing previous forms",
              "timedOut": null,
              "duration": 5235,
              "state": "passed",
              "speed": "medium",
              "pass": true,
              "fail": false,
              "pending": false,
              "context": null,
              "code": "const state = window.testState;\nreturn cy\n  .then(() => state.onStartScenario(scenario, indexedSteps))\n  .then(() =>\n    resolveAndRunBeforeHooks.call(this, scenario.tags, state.feature.name)\n  )\n  .then(() =>\n    indexedSteps.forEach((step) =>\n      stepTest.call(this, state, step, rowData)\n    )\n  )\n  .then(() => state.onFinishScenario(scenario));",
              "err": {},
              "uuid": "72fc4bc5-2fb0-4976-9e22-3e00c2e83f61",
              "parentUUID": "1fa9fec3-f07a-4759-a855-e839ac0f8e10",
              "isHook": false,
              "skipped": false
            }
          ],
          "suites": [],
          "passes": [
            "72fc4bc5-2fb0-4976-9e22-3e00c2e83f61"
          ],
          "failures": [],
          "pending": [],
          "skipped": [],
          "duration": 5235,
          "root": false,
          "rootEmpty": false,
          "_timeout": 2000
        }
      ],
      "passes": [],
      "failures": [],
      "pending": [],
      "skipped": [],
      "duration": 0,
      "root": true,
      "rootEmpty": true,
      "_timeout": 2000
    }
  ],
  "meta": {
    "mocha": {
      "version": "7.0.1"
    },
    "mochawesome": {
      "options": {
        "quiet": false,
        "reportFilename": "mochawesome",
        "saveHtml": false,
        "saveJson": true,
        "consoleReporter": "spec",
        "useInlineDiffs": false,
        "code": true
      },
      "version": "7.1.3"
    },
    "marge": {
      "options": {
        "reportDir": "cypress/reports/json",
        "overwrite": false,
        "html": false,
        "json": true
      },
      "version": "6.2.0"
    }
  }
}